<?xml version="1.0" encoding="UTF-8"?>
<testsuite name="com.study.kotlin.calcurator.CalculatorTest" tests="4" skipped="0" failures="0" errors="0" timestamp="2022-12-26T15:49:56" hostname="o-sean.local" time="0.018">
  <properties/>
  <testcase name="뺄셈" classname="com.study.kotlin.calcurator.CalculatorTest" time="0.014"/>
  <testcase name="나눗셈" classname="com.study.kotlin.calcurator.CalculatorTest" time="0.001"/>
  <testcase name="덧셈" classname="com.study.kotlin.calcurator.CalculatorTest" time="0.0"/>
  <testcase name="곱셈" classname="com.study.kotlin.calcurator.CalculatorTest" time="0.001"/>
  <system-out><![CDATA[]]></system-out>
  <system-err><![CDATA[]]></system-err>
</testsuite>
